<?xml version="1.0" encoding="UTF-8"?>
<testng-results ignored="0" total="3" passed="0" failed="3" skipped="0">
  <reporter-output>
    <line>
      <![CDATA[total number of options are:43]]>
    </line>
    <line>
      <![CDATA[total no.of.items in category list is 23 and price list is24]]>
    </line>
    <line>
      <![CDATA[Zen 10th SSLC Social Science Exam Reckoner 2021- Upgraded 40 MCQ's Pattern price is --> 228]]>
    </line>
    <line>
      <![CDATA[Oswaal CBSE Question Bank Class 10 Science Book Chapterwise & Topicwise Includes Objective Types & MCQ's (For 2022 Exam) price is --> 440]]>
    </line>
    <line>
      <![CDATA[Science and Technology for Civil Services Preliminary and Main Examinations | 4th Edition price is --> 551]]>
    </line>
    <line>
      <![CDATA[CBSE All In One Science Class 10 for for 2022 Exam price is --> 499]]>
    </line>
    <line>
      <![CDATA[CBSE All In One Science Class 9 for 2022 Exam price is --> 365]]>
    </line>
    <line>
      <![CDATA[ButterflyEduFields 7in1 Fun Science Activity Box for Kids | Build Your own Gadgets | STEM Construction Toy | Gifts for Kids Age 5+ Girls Boys price is --> 340]]>
    </line>
    <line>
      <![CDATA[CBSE All In One Social Science Class 10 for 2022 Exam price is --> 749]]>
    </line>
    <line>
      <![CDATA[Combo Pack: Lakhmir Singh Class 10 Science (Biology, Physics, Chemistry) with Free Virtual Reality Gear (2021-2022 Examination) price is --> 350]]>
    </line>
    <line>
      <![CDATA[Cambridge Lower Secondary Science Workbook 7 with Digital Access (1 Year) price is --> 1,360]]>
    </line>
    <line>
      <![CDATA[Arun Publications HSA Social Science High School Teacher PSC Examination - Latest Edition price is --> 736]]>
    </line>
    <line>
      <![CDATA[Cambridge Lower Secondary Science Learner's Book 7 with Digital Access (1 Year) price is --> 750]]>
    </line>
    <line>
      <![CDATA[All in 1 Guide Book: CBSE Class 10 for 2022 Examination price is --> 1,435]]>
    </line>
    <line>
      <![CDATA[Oswaal CBSE Question Bank Class 10 Social Science Book Chapterwise & Topicwise Includes Objective Types & MCQ's (For 2022 Exam) price is --> 630]]>
    </line>
    <line>
      <![CDATA[Encyclopedia of General Science for General Competitions price is --> 460]]>
    </line>
    <line>
      <![CDATA[CSIR NET Chemical Science Solved Papers price is --> 211]]>
    </line>
    <line>
      <![CDATA[Computer Science with python Textbook for Class 11 Examination 2020-2021 price is --> 700]]>
    </line>
    <line>
      <![CDATA[NCERT Political Science Books Set of Class - 6 TO 12 (ENGLISH MEDIUM) for UPSC Prelims/Main / IAS / Civil Services / IFS / IES / ISS / CISF / CDS / SCRA / IFS / NDA and more Paperback – 1 January 2016 price is --> 799]]>
    </line>
    <line>
      <![CDATA[GATE 2022: Computer Science Engineering & IT Previous Year Solved Papers price is --> 730]]>
    </line>
    <line>
      <![CDATA[Computer Science with Python: Textbook for CBSE Class 11 (2021-2022 Session) price is --> 583]]>
    </line>
    <line>
      <![CDATA[Oswaal CBSE Question Bank Class 10 Science Book Chapterwise & Topicwise Includes Objective Types & MCQ's (For 2022 Exam) price is --> 440]]>
    </line>
    <line>
      <![CDATA[CBSE All In One Social Science Class 9 for 2022 Exam price is --> 352]]>
    </line>
    <line>
      <![CDATA[Wiley's Problems in Organic Chemistry price is --> 343]]>
    </line>
    <line>
      <![CDATA[Always On: Hope and Fear in the Social Smartphone Era price is --> 448]]>
    </line>
    <line>
      <![CDATA[title not matched]]>
    </line>
    <line>
      <![CDATA[total number of options are:43]]>
    </line>
    <line>
      <![CDATA[total no.of.items in category list is 22 and price list is16]]>
    </line>
    <line>
      <![CDATA[Windows 10 Home OEM - 64 Bit Version | USA - Lifetime price is --> 4,495]]>
    </line>
    <line>
      <![CDATA[Microsoft Office Home and Business 2019 Download 1 Person Compatible on Windows 10 and Apple macOS price is --> 10,999]]>
    </line>
    <line>
      <![CDATA[Microsoft Windows 10 Pro 64 Bit System Builder OEM price is --> 2,949]]>
    </line>
    <line>
      <![CDATA[Windows 10 Professional Activation Key price is --> 560]]>
    </line>
    <line>
      <![CDATA[Microsoft Windows 10 Professional 32Bit/64Bit English INTL for 1 PC laptop/ User: 32 and 64 Bits on USB 3.0 Included - Full Retail Pack price is --> 4,299]]>
    </line>
    <line>
      <![CDATA[Windows 10 Professional 32/ 64-Bit (Activation Code) With Original DVD price is --> 2,249]]>
    </line>
    <line>
      <![CDATA[Windows 10 Professional Bootable USB with Genuine Product Key price is --> 1,800]]>
    </line>
    <line>
      <![CDATA[Windows 7 Ultimate 32/64 bit Bootable DVD price is --> 499]]>
    </line>
    <line>
      <![CDATA[Windows 10 Pro , Windows 8.1 & Windows 7 Professional X64-Bit Multiple 16 GB Metal Pendrive price is --> 1,816]]>
    </line>
    <line>
      <![CDATA[Windows 7 Professional 64-bit Bootable DVD price is --> 1,899]]>
    </line>
    <line>
      <![CDATA[Shivex WhatsApp Bulk Message Sender Software for marketing purpose, Work with Windows 7, 8, 10 - Best in class for Whatsapp marketing, No physical delivery. Purchase only from Seller name Shivex, Beware from Fake Seller price is --> 450]]>
    </line>
    <line>
      <![CDATA[ESET Smart Security Premium 2 Device, 2 Year price is --> 1,100]]>
    </line>
    <line>
      <![CDATA[Microsoft Windows 7 Professional x64 SP1 EN 1PK DSP OEI DVD price is --> 2,825]]>
    </line>
    <line>
      <![CDATA[Windows 7 Ultimate Bootable 16 GB Metal Pendrive price is --> 615]]>
    </line>
    <line>
      <![CDATA[K7 Total Security for Microsoft Windows SP2/Vista/Window 7, 8, 9 and 10 price is --> 2,450]]>
    </line>
    <line>
      <![CDATA[Windows 10 32 & 64Bit Installation Multi Bootable 32 GB Scandisk USB Flash Drive All Edition in 1 Re-install repair recovery restore fix your windows with user manual price is --> 449]]>
    </line>
    <line>
      <![CDATA[total number of options are:43]]>
    </line>
    <line>
      <![CDATA[total no.of.items in category list is 22 and price list is30]]>
    </line>
    <line>
      <![CDATA[POLYCAB STUNNER HIGH SPEED PREMIUM CEILING FAN 1200MM OCEAN GREEN ANTI DUST, ANTI RUST & ANTI MICROBIAL price is --> 2,699]]>
    </line>
    <line>
      <![CDATA[Polycab Superia Lite SP01 Fan with LED and Remote | Antique Copper Rosewood 1200 MM price is --> 6,490]]>
    </line>
    <line>
      <![CDATA[Orient Electric Apex-FX 1200mm Ceiling Fan (Brown) price is --> 1,469]]>
    </line>
    <line>
      <![CDATA[Candes Star 1200mm /48 inch High Speed Anti-dust Decorative 5 Star Rated Ceiling Fan (100% Copper) 400 RPM Coffee Brown With 3 Years Warranty (Blue) price is --> 1,429]]>
    </line>
    <line>
      <![CDATA[Candes Florence 1200mm/48 inch High Speed Anti-dust Decorative 5 Star Rated Ceiling Fan (100% Copper) 400 RPM Silver Blue With 3 Years Warranty price is --> 1,649]]>
    </line>
    <line>
      <![CDATA[Bajaj Ultima PT01 200mm Table Fan (White) price is --> 2,082]]>
    </line>
    <line>
      <![CDATA[Bajaj Maxima 600 mm Ceiling Fan (Brown) price is --> 2,310]]>
    </line>
    <line>
      <![CDATA[Crompton Hill Briz 1200 mm (48 inch) High Speed Ceiling Fan (Brown) price is --> 1,469]]>
    </line>
    <line>
      <![CDATA[Atomberg Renesa 1200 mm BLDC Motor with Remote 3 Blade Ceiling Fan  (Ivory Black, Pack of 1) price is --> 2,310]]>
    </line>
    <line>
      <![CDATA[JIG'sMART Portable Hanging Neck Sport Fan for Women's Rechargeable Neck fan Band with 3 Level Air Flow Control Button 360 Degree Rotation Neck Fan Band for Kitchen, Sport fan (Multicolor) price is --> 1,550]]>
    </line>
    <line>
      <![CDATA[POLYCAB CRYSTAL HIGH SPEED PREMIUM CEILING FAN 1200MM PEARL BEIGE ANTI DUST, ANTI RUST & ANTI MICROBIAL price is --> 3,199]]>
    </line>
    <line>
      <![CDATA[POLYCAB ELANZA HIGH SPEED PREMIUM CEILING FAN 1200MM PEARL BROWN price is --> 2,653]]>
    </line>
    <line>
      <![CDATA[Crompton Super Briz Deco 1200 mm (48 inch) High Speed Decorative Ceiling Fan (Smoked Brown) price is --> ]]>
    </line>
    <line>
      <![CDATA[Havells Ambrose 1200mm Ceiling Fan (Gold Mist Wood) price is --> 1,075]]>
    </line>
    <line>
      <![CDATA[Halonix Smart IOT Ceiling Fan kit, Compatible with Amazon Alexa, Google Assistant, Temperature Control, Remote-Controlled, Timer Control, app Control price is --> 1,550]]>
    </line>
    <line>
      <![CDATA[Adonai Rechargeable Multifunction Folding fan with LED light 360° Rotating (Assorted color) price is --> 1,539]]>
    </line>
    <line>
      <![CDATA[SIALKOT 600 mm / 24 Inch High Speed 4 Blade Anti-Dust Ceiling Fan Suitable for Kitchen / Veranda / Balcony / Small Room with 900 RPM Brown (Glossy Brown) price is --> 3,396]]>
    </line>
    <line>
      <![CDATA[ACTIVA APSRA 1200 MM High Speed 390 RPM Bee Approved 5 Star Ceiling Fan Brown with 2 Year Warranty price is --> 399]]>
    </line>
    <line>
      <![CDATA[DPM 7627 RECHARGEABLE TABLE FAN MULTI-FUNCTION DUAL-MODE POWER SUPPLY FAN THREE-STAGE SPEED REGULATION BUILT-IN BATTERY, TWO POWER SUPPLY MODES ARE OPTIONAL THE LIGHTING USES HIGH-BRIGHTNESS price is --> 2,938]]>
    </line>
    <line>
      <![CDATA[Usha Mist Air Icy 400mm Pedestal Fan (White) price is --> 2,536]]>
    </line>
    <line>
      <![CDATA[Polycab India VITAL PLATINUM HIGH SPEED PREMIUM CEILING FAN (1200mm, ANTIQUE COPPER) price is --> 1,699]]>
    </line>
    <line>
      <![CDATA[Havells Stealth Air 1250mm Dust Resistant Ceiling Fan (Metallic Black) price is --> 2,184]]>
    </line>
    <line>
      <![CDATA[title not matched]]>
    </line>
  </reporter-output>
  <suite started-at="2021-06-22T17:50:52Z" name="Suite" finished-at="2021-06-22T17:51:17Z" duration-ms="24815">
    <groups>
    </groups>
    <test started-at="2021-06-22T17:50:52Z" name="Test1" finished-at="2021-06-22T17:51:17Z" duration-ms="24815">
      <class name="com.qaTestCase.TcAmazon">
        <test-method is-config="true" signature="setUp(java.lang.String, java.lang.String)[pri:0, instance:com.qaTestCase.TcAmazon@5fd4f8f5]" started-at="2021-06-22T17:50:52Z" name="setUp" finished-at="2021-06-22T17:50:56Z" duration-ms="3672" status="PASS">
          <params>
            <param index="0">
              <value>
                <![CDATA[chrome]]>
              </value>
            </param>
            <param index="1">
              <value>
                <![CDATA[https://www.amazon.in/]]>
              </value>
            </param>
          </params>
          <reporter-output>
          </reporter-output>
        </test-method> <!-- setUp -->
        <test-method signature="SearchItem(java.lang.String, java.lang.String)[pri:0, instance:com.qaTestCase.TcAmazon@5fd4f8f5]" started-at="2021-06-22T17:50:57Z" name="SearchItem" data-provider="getData" finished-at="2021-06-22T17:51:03Z" duration-ms="5915" status="FAIL">
          <params>
            <param index="0">
              <value>
                <![CDATA[Books]]>
              </value>
            </param>
            <param index="1">
              <value>
                <![CDATA[science]]>
              </value>
            </param>
          </params>
          <exception class="java.lang.AssertionError">
            <full-stacktrace>
              <![CDATA[java.lang.AssertionError
at org.junit.Assert.fail(Assert.java:86)
at org.junit.Assert.assertTrue(Assert.java:41)
at org.junit.Assert.assertTrue(Assert.java:52)
at com.qaTestCase.TcAmazon.SearchItem(TcAmazon.java:65)
at java.base/jdk.internal.reflect.NativeMethodAccessorImpl.invoke0(Native Method)
at java.base/jdk.internal.reflect.NativeMethodAccessorImpl.invoke(NativeMethodAccessorImpl.java:64)
at java.base/jdk.internal.reflect.DelegatingMethodAccessorImpl.invoke(DelegatingMethodAccessorImpl.java:43)
at java.base/java.lang.reflect.Method.invoke(Method.java:564)
at org.testng.internal.MethodInvocationHelper.invokeMethod(MethodInvocationHelper.java:124)
at org.testng.internal.Invoker.invokeMethod(Invoker.java:583)
at org.testng.internal.Invoker.invokeTestMethod(Invoker.java:719)
at org.testng.internal.Invoker.invokeTestMethods(Invoker.java:989)
at org.testng.internal.TestMethodWorker.invokeTestMethods(TestMethodWorker.java:125)
at org.testng.internal.TestMethodWorker.run(TestMethodWorker.java:109)
at org.testng.TestRunner.privateRun(TestRunner.java:648)
at org.testng.TestRunner.run(TestRunner.java:505)
at org.testng.SuiteRunner.runTest(SuiteRunner.java:455)
at org.testng.SuiteRunner.runSequentially(SuiteRunner.java:450)
at org.testng.SuiteRunner.privateRun(SuiteRunner.java:415)
at org.testng.SuiteRunner.run(SuiteRunner.java:364)
at org.testng.SuiteRunnerWorker.runSuite(SuiteRunnerWorker.java:52)
at org.testng.SuiteRunnerWorker.run(SuiteRunnerWorker.java:84)
at org.testng.TestNG.runSuitesSequentially(TestNG.java:1208)
at org.testng.TestNG.runSuitesLocally(TestNG.java:1137)
at org.testng.TestNG.runSuites(TestNG.java:1049)
at org.testng.TestNG.run(TestNG.java:1017)
at org.testng.remote.AbstractRemoteTestNG.run(AbstractRemoteTestNG.java:115)
at org.testng.remote.RemoteTestNG.initAndRun(RemoteTestNG.java:251)
at org.testng.remote.RemoteTestNG.main(RemoteTestNG.java:77)
]]>
            </full-stacktrace>
          </exception> <!-- java.lang.AssertionError -->
          <reporter-output>
            <line>
              <![CDATA[total number of options are:43]]>
            </line>
            <line>
              <![CDATA[total no.of.items in category list is 23 and price list is24]]>
            </line>
            <line>
              <![CDATA[Zen 10th SSLC Social Science Exam Reckoner 2021- Upgraded 40 MCQ's Pattern price is --> 228]]>
            </line>
            <line>
              <![CDATA[Oswaal CBSE Question Bank Class 10 Science Book Chapterwise & Topicwise Includes Objective Types & MCQ's (For 2022 Exam) price is --> 440]]>
            </line>
            <line>
              <![CDATA[Science and Technology for Civil Services Preliminary and Main Examinations | 4th Edition price is --> 551]]>
            </line>
            <line>
              <![CDATA[CBSE All In One Science Class 10 for for 2022 Exam price is --> 499]]>
            </line>
            <line>
              <![CDATA[CBSE All In One Science Class 9 for 2022 Exam price is --> 365]]>
            </line>
            <line>
              <![CDATA[ButterflyEduFields 7in1 Fun Science Activity Box for Kids | Build Your own Gadgets | STEM Construction Toy | Gifts for Kids Age 5+ Girls Boys price is --> 340]]>
            </line>
            <line>
              <![CDATA[CBSE All In One Social Science Class 10 for 2022 Exam price is --> 749]]>
            </line>
            <line>
              <![CDATA[Combo Pack: Lakhmir Singh Class 10 Science (Biology, Physics, Chemistry) with Free Virtual Reality Gear (2021-2022 Examination) price is --> 350]]>
            </line>
            <line>
              <![CDATA[Cambridge Lower Secondary Science Workbook 7 with Digital Access (1 Year) price is --> 1,360]]>
            </line>
            <line>
              <![CDATA[Arun Publications HSA Social Science High School Teacher PSC Examination - Latest Edition price is --> 736]]>
            </line>
            <line>
              <![CDATA[Cambridge Lower Secondary Science Learner's Book 7 with Digital Access (1 Year) price is --> 750]]>
            </line>
            <line>
              <![CDATA[All in 1 Guide Book: CBSE Class 10 for 2022 Examination price is --> 1,435]]>
            </line>
            <line>
              <![CDATA[Oswaal CBSE Question Bank Class 10 Social Science Book Chapterwise & Topicwise Includes Objective Types & MCQ's (For 2022 Exam) price is --> 630]]>
            </line>
            <line>
              <![CDATA[Encyclopedia of General Science for General Competitions price is --> 460]]>
            </line>
            <line>
              <![CDATA[CSIR NET Chemical Science Solved Papers price is --> 211]]>
            </line>
            <line>
              <![CDATA[Computer Science with python Textbook for Class 11 Examination 2020-2021 price is --> 700]]>
            </line>
            <line>
              <![CDATA[NCERT Political Science Books Set of Class - 6 TO 12 (ENGLISH MEDIUM) for UPSC Prelims/Main / IAS / Civil Services / IFS / IES / ISS / CISF / CDS / SCRA / IFS / NDA and more Paperback – 1 January 2016 price is --> 799]]>
            </line>
            <line>
              <![CDATA[GATE 2022: Computer Science Engineering & IT Previous Year Solved Papers price is --> 730]]>
            </line>
            <line>
              <![CDATA[Computer Science with Python: Textbook for CBSE Class 11 (2021-2022 Session) price is --> 583]]>
            </line>
            <line>
              <![CDATA[Oswaal CBSE Question Bank Class 10 Science Book Chapterwise & Topicwise Includes Objective Types & MCQ's (For 2022 Exam) price is --> 440]]>
            </line>
            <line>
              <![CDATA[CBSE All In One Social Science Class 9 for 2022 Exam price is --> 352]]>
            </line>
            <line>
              <![CDATA[Wiley's Problems in Organic Chemistry price is --> 343]]>
            </line>
            <line>
              <![CDATA[Always On: Hope and Fear in the Social Smartphone Era price is --> 448]]>
            </line>
            <line>
              <![CDATA[title not matched]]>
            </line>
          </reporter-output>
        </test-method> <!-- SearchItem -->
        <test-method signature="SearchItem(java.lang.String, java.lang.String)[pri:0, instance:com.qaTestCase.TcAmazon@5fd4f8f5]" started-at="2021-06-22T17:51:03Z" name="SearchItem" data-provider="getData" finished-at="2021-06-22T17:51:07Z" duration-ms="3813" status="FAIL">
          <params>
            <param index="0">
              <value>
                <![CDATA[Software]]>
              </value>
            </param>
            <param index="1">
              <value>
                <![CDATA[windows]]>
              </value>
            </param>
          </params>
          <exception class="java.lang.IndexOutOfBoundsException">
            <message>
              <![CDATA[Index 16 out of bounds for length 16]]>
            </message>
            <full-stacktrace>
              <![CDATA[java.lang.IndexOutOfBoundsException: Index 16 out of bounds for length 16
at java.base/jdk.internal.util.Preconditions.outOfBounds(Preconditions.java:64)
at java.base/jdk.internal.util.Preconditions.outOfBoundsCheckIndex(Preconditions.java:70)
at java.base/jdk.internal.util.Preconditions.checkIndex(Preconditions.java:248)
at java.base/java.util.Objects.checkIndex(Objects.java:359)
at java.base/java.util.ArrayList.get(ArrayList.java:427)
at java.base/jdk.internal.reflect.GeneratedMethodAccessor1.invoke(Unknown Source)
at java.base/jdk.internal.reflect.DelegatingMethodAccessorImpl.invoke(DelegatingMethodAccessorImpl.java:43)
at java.base/java.lang.reflect.Method.invoke(Method.java:564)
at org.openqa.selenium.support.pagefactory.internal.LocatingElementListHandler.invoke(LocatingElementListHandler.java:39)
at com.sun.proxy.$Proxy17.get(Unknown Source)
at com.qaTestCase.TcAmazon.SearchItem(TcAmazon.java:46)
at java.base/jdk.internal.reflect.NativeMethodAccessorImpl.invoke0(Native Method)
at java.base/jdk.internal.reflect.NativeMethodAccessorImpl.invoke(NativeMethodAccessorImpl.java:64)
at java.base/jdk.internal.reflect.DelegatingMethodAccessorImpl.invoke(DelegatingMethodAccessorImpl.java:43)
at java.base/java.lang.reflect.Method.invoke(Method.java:564)
at org.testng.internal.MethodInvocationHelper.invokeMethod(MethodInvocationHelper.java:124)
at org.testng.internal.Invoker.invokeMethod(Invoker.java:583)
at org.testng.internal.Invoker.invokeTestMethod(Invoker.java:719)
at org.testng.internal.Invoker.invokeTestMethods(Invoker.java:989)
at org.testng.internal.TestMethodWorker.invokeTestMethods(TestMethodWorker.java:125)
at org.testng.internal.TestMethodWorker.run(TestMethodWorker.java:109)
at org.testng.TestRunner.privateRun(TestRunner.java:648)
at org.testng.TestRunner.run(TestRunner.java:505)
at org.testng.SuiteRunner.runTest(SuiteRunner.java:455)
at org.testng.SuiteRunner.runSequentially(SuiteRunner.java:450)
at org.testng.SuiteRunner.privateRun(SuiteRunner.java:415)
at org.testng.SuiteRunner.run(SuiteRunner.java:364)
at org.testng.SuiteRunnerWorker.runSuite(SuiteRunnerWorker.java:52)
at org.testng.SuiteRunnerWorker.run(SuiteRunnerWorker.java:84)
at org.testng.TestNG.runSuitesSequentially(TestNG.java:1208)
at org.testng.TestNG.runSuitesLocally(TestNG.java:1137)
at org.testng.TestNG.runSuites(TestNG.java:1049)
at org.testng.TestNG.run(TestNG.java:1017)
at org.testng.remote.AbstractRemoteTestNG.run(AbstractRemoteTestNG.java:115)
at org.testng.remote.RemoteTestNG.initAndRun(RemoteTestNG.java:251)
at org.testng.remote.RemoteTestNG.main(RemoteTestNG.java:77)
]]>
            </full-stacktrace>
          </exception> <!-- java.lang.IndexOutOfBoundsException -->
          <reporter-output>
            <line>
              <![CDATA[total number of options are:43]]>
            </line>
            <line>
              <![CDATA[total no.of.items in category list is 22 and price list is16]]>
            </line>
            <line>
              <![CDATA[Windows 10 Home OEM - 64 Bit Version | USA - Lifetime price is --> 4,495]]>
            </line>
            <line>
              <![CDATA[Microsoft Office Home and Business 2019 Download 1 Person Compatible on Windows 10 and Apple macOS price is --> 10,999]]>
            </line>
            <line>
              <![CDATA[Microsoft Windows 10 Pro 64 Bit System Builder OEM price is --> 2,949]]>
            </line>
            <line>
              <![CDATA[Windows 10 Professional Activation Key price is --> 560]]>
            </line>
            <line>
              <![CDATA[Microsoft Windows 10 Professional 32Bit/64Bit English INTL for 1 PC laptop/ User: 32 and 64 Bits on USB 3.0 Included - Full Retail Pack price is --> 4,299]]>
            </line>
            <line>
              <![CDATA[Windows 10 Professional 32/ 64-Bit (Activation Code) With Original DVD price is --> 2,249]]>
            </line>
            <line>
              <![CDATA[Windows 10 Professional Bootable USB with Genuine Product Key price is --> 1,800]]>
            </line>
            <line>
              <![CDATA[Windows 7 Ultimate 32/64 bit Bootable DVD price is --> 499]]>
            </line>
            <line>
              <![CDATA[Windows 10 Pro , Windows 8.1 & Windows 7 Professional X64-Bit Multiple 16 GB Metal Pendrive price is --> 1,816]]>
            </line>
            <line>
              <![CDATA[Windows 7 Professional 64-bit Bootable DVD price is --> 1,899]]>
            </line>
            <line>
              <![CDATA[Shivex WhatsApp Bulk Message Sender Software for marketing purpose, Work with Windows 7, 8, 10 - Best in class for Whatsapp marketing, No physical delivery. Purchase only from Seller name Shivex, Beware from Fake Seller price is --> 450]]>
            </line>
            <line>
              <![CDATA[ESET Smart Security Premium 2 Device, 2 Year price is --> 1,100]]>
            </line>
            <line>
              <![CDATA[Microsoft Windows 7 Professional x64 SP1 EN 1PK DSP OEI DVD price is --> 2,825]]>
            </line>
            <line>
              <![CDATA[Windows 7 Ultimate Bootable 16 GB Metal Pendrive price is --> 615]]>
            </line>
            <line>
              <![CDATA[K7 Total Security for Microsoft Windows SP2/Vista/Window 7, 8, 9 and 10 price is --> 2,450]]>
            </line>
            <line>
              <![CDATA[Windows 10 32 & 64Bit Installation Multi Bootable 32 GB Scandisk USB Flash Drive All Edition in 1 Re-install repair recovery restore fix your windows with user manual price is --> 449]]>
            </line>
          </reporter-output>
        </test-method> <!-- SearchItem -->
        <test-method signature="SearchItem(java.lang.String, java.lang.String)[pri:0, instance:com.qaTestCase.TcAmazon@5fd4f8f5]" started-at="2021-06-22T17:51:07Z" name="SearchItem" data-provider="getData" finished-at="2021-06-22T17:51:13Z" duration-ms="5541" status="FAIL">
          <params>
            <param index="0">
              <value>
                <![CDATA[Electronics]]>
              </value>
            </param>
            <param index="1">
              <value>
                <![CDATA[fan]]>
              </value>
            </param>
          </params>
          <exception class="java.lang.AssertionError">
            <full-stacktrace>
              <![CDATA[java.lang.AssertionError
at org.junit.Assert.fail(Assert.java:86)
at org.junit.Assert.assertTrue(Assert.java:41)
at org.junit.Assert.assertTrue(Assert.java:52)
at com.qaTestCase.TcAmazon.SearchItem(TcAmazon.java:65)
at java.base/jdk.internal.reflect.NativeMethodAccessorImpl.invoke0(Native Method)
at java.base/jdk.internal.reflect.NativeMethodAccessorImpl.invoke(NativeMethodAccessorImpl.java:64)
at java.base/jdk.internal.reflect.DelegatingMethodAccessorImpl.invoke(DelegatingMethodAccessorImpl.java:43)
at java.base/java.lang.reflect.Method.invoke(Method.java:564)
at org.testng.internal.MethodInvocationHelper.invokeMethod(MethodInvocationHelper.java:124)
at org.testng.internal.Invoker.invokeMethod(Invoker.java:583)
at org.testng.internal.Invoker.invokeTestMethod(Invoker.java:719)
at org.testng.internal.Invoker.invokeTestMethods(Invoker.java:989)
at org.testng.internal.TestMethodWorker.invokeTestMethods(TestMethodWorker.java:125)
at org.testng.internal.TestMethodWorker.run(TestMethodWorker.java:109)
at org.testng.TestRunner.privateRun(TestRunner.java:648)
at org.testng.TestRunner.run(TestRunner.java:505)
at org.testng.SuiteRunner.runTest(SuiteRunner.java:455)
at org.testng.SuiteRunner.runSequentially(SuiteRunner.java:450)
at org.testng.SuiteRunner.privateRun(SuiteRunner.java:415)
at org.testng.SuiteRunner.run(SuiteRunner.java:364)
at org.testng.SuiteRunnerWorker.runSuite(SuiteRunnerWorker.java:52)
at org.testng.SuiteRunnerWorker.run(SuiteRunnerWorker.java:84)
at org.testng.TestNG.runSuitesSequentially(TestNG.java:1208)
at org.testng.TestNG.runSuitesLocally(TestNG.java:1137)
at org.testng.TestNG.runSuites(TestNG.java:1049)
at org.testng.TestNG.run(TestNG.java:1017)
at org.testng.remote.AbstractRemoteTestNG.run(AbstractRemoteTestNG.java:115)
at org.testng.remote.RemoteTestNG.initAndRun(RemoteTestNG.java:251)
at org.testng.remote.RemoteTestNG.main(RemoteTestNG.java:77)
]]>
            </full-stacktrace>
          </exception> <!-- java.lang.AssertionError -->
          <reporter-output>
            <line>
              <![CDATA[total number of options are:43]]>
            </line>
            <line>
              <![CDATA[total no.of.items in category list is 22 and price list is30]]>
            </line>
            <line>
              <![CDATA[POLYCAB STUNNER HIGH SPEED PREMIUM CEILING FAN 1200MM OCEAN GREEN ANTI DUST, ANTI RUST & ANTI MICROBIAL price is --> 2,699]]>
            </line>
            <line>
              <![CDATA[Polycab Superia Lite SP01 Fan with LED and Remote | Antique Copper Rosewood 1200 MM price is --> 6,490]]>
            </line>
            <line>
              <![CDATA[Orient Electric Apex-FX 1200mm Ceiling Fan (Brown) price is --> 1,469]]>
            </line>
            <line>
              <![CDATA[Candes Star 1200mm /48 inch High Speed Anti-dust Decorative 5 Star Rated Ceiling Fan (100% Copper) 400 RPM Coffee Brown With 3 Years Warranty (Blue) price is --> 1,429]]>
            </line>
            <line>
              <![CDATA[Candes Florence 1200mm/48 inch High Speed Anti-dust Decorative 5 Star Rated Ceiling Fan (100% Copper) 400 RPM Silver Blue With 3 Years Warranty price is --> 1,649]]>
            </line>
            <line>
              <![CDATA[Bajaj Ultima PT01 200mm Table Fan (White) price is --> 2,082]]>
            </line>
            <line>
              <![CDATA[Bajaj Maxima 600 mm Ceiling Fan (Brown) price is --> 2,310]]>
            </line>
            <line>
              <![CDATA[Crompton Hill Briz 1200 mm (48 inch) High Speed Ceiling Fan (Brown) price is --> 1,469]]>
            </line>
            <line>
              <![CDATA[Atomberg Renesa 1200 mm BLDC Motor with Remote 3 Blade Ceiling Fan  (Ivory Black, Pack of 1) price is --> 2,310]]>
            </line>
            <line>
              <![CDATA[JIG'sMART Portable Hanging Neck Sport Fan for Women's Rechargeable Neck fan Band with 3 Level Air Flow Control Button 360 Degree Rotation Neck Fan Band for Kitchen, Sport fan (Multicolor) price is --> 1,550]]>
            </line>
            <line>
              <![CDATA[POLYCAB CRYSTAL HIGH SPEED PREMIUM CEILING FAN 1200MM PEARL BEIGE ANTI DUST, ANTI RUST & ANTI MICROBIAL price is --> 3,199]]>
            </line>
            <line>
              <![CDATA[POLYCAB ELANZA HIGH SPEED PREMIUM CEILING FAN 1200MM PEARL BROWN price is --> 2,653]]>
            </line>
            <line>
              <![CDATA[Crompton Super Briz Deco 1200 mm (48 inch) High Speed Decorative Ceiling Fan (Smoked Brown) price is --> ]]>
            </line>
            <line>
              <![CDATA[Havells Ambrose 1200mm Ceiling Fan (Gold Mist Wood) price is --> 1,075]]>
            </line>
            <line>
              <![CDATA[Halonix Smart IOT Ceiling Fan kit, Compatible with Amazon Alexa, Google Assistant, Temperature Control, Remote-Controlled, Timer Control, app Control price is --> 1,550]]>
            </line>
            <line>
              <![CDATA[Adonai Rechargeable Multifunction Folding fan with LED light 360° Rotating (Assorted color) price is --> 1,539]]>
            </line>
            <line>
              <![CDATA[SIALKOT 600 mm / 24 Inch High Speed 4 Blade Anti-Dust Ceiling Fan Suitable for Kitchen / Veranda / Balcony / Small Room with 900 RPM Brown (Glossy Brown) price is --> 3,396]]>
            </line>
            <line>
              <![CDATA[ACTIVA APSRA 1200 MM High Speed 390 RPM Bee Approved 5 Star Ceiling Fan Brown with 2 Year Warranty price is --> 399]]>
            </line>
            <line>
              <![CDATA[DPM 7627 RECHARGEABLE TABLE FAN MULTI-FUNCTION DUAL-MODE POWER SUPPLY FAN THREE-STAGE SPEED REGULATION BUILT-IN BATTERY, TWO POWER SUPPLY MODES ARE OPTIONAL THE LIGHTING USES HIGH-BRIGHTNESS price is --> 2,938]]>
            </line>
            <line>
              <![CDATA[Usha Mist Air Icy 400mm Pedestal Fan (White) price is --> 2,536]]>
            </line>
            <line>
              <![CDATA[Polycab India VITAL PLATINUM HIGH SPEED PREMIUM CEILING FAN (1200mm, ANTIQUE COPPER) price is --> 1,699]]>
            </line>
            <line>
              <![CDATA[Havells Stealth Air 1250mm Dust Resistant Ceiling Fan (Metallic Black) price is --> 2,184]]>
            </line>
            <line>
              <![CDATA[title not matched]]>
            </line>
          </reporter-output>
        </test-method> <!-- SearchItem -->
        <test-method is-config="true" signature="teardown()[pri:0, instance:com.qaTestCase.TcAmazon@5fd4f8f5]" started-at="2021-06-22T17:51:13Z" name="teardown" finished-at="2021-06-22T17:51:17Z" duration-ms="4171" status="PASS">
          <reporter-output>
          </reporter-output>
        </test-method> <!-- teardown -->
      </class> <!-- com.qaTestCase.TcAmazon -->
    </test> <!-- Test1 -->
  </suite> <!-- Suite -->
</testng-results>
