<?xml version="1.0" encoding="UTF-8"?>
<!-- Generated by org.testng.reporters.JUnitXMLReporter -->
<testsuite ignored="0" hostname="DESKTOP-8R9TJ4L" failures="0" tests="4" name="Test" time="27.5" errors="0" timestamp="16 Jun 2021 10:44:00 GMT">
  <testcase classname="com.qaTestCase.Tc_GoogleAutosuggest" name="googleSearch" time="6.064"/>
  <testcase classname="com.qaTestCase.Tc_GoogleAutosuggest" name="googleSearch" time="6.126"/>
  <testcase classname="com.qaTestCase.Tc_GoogleAutosuggest" name="googleSearch" time="5.505"/>
  <testcase classname="com.qaTestCase.Tc_GoogleAutosuggest" name="googleSearch" time="4.447"/>
</testsuite> <!-- Test -->
